SF:lib/src/cb_intros.dart
DA:16,1
DA:36,4
DA:40,4
DA:44,4
DA:45,0
DA:49,4
DA:71,1
DA:72,1
DA:79,1
DA:81,3
DA:82,1
DA:85,1
DA:86,2
DA:88,1
DA:89,2
DA:90,3
DA:91,2
DA:95,1
DA:97,3
DA:98,2
DA:99,1
DA:102,0
DA:103,0
DA:109,1
DA:110,3
DA:113,1
DA:115,2
DA:116,2
DA:117,1
DA:118,1
DA:121,4
DA:122,1
DA:123,1
DA:124,5
DA:126,3
DA:127,1
DA:128,0
DA:129,0
DA:130,0
DA:131,1
DA:132,1
DA:133,1
DA:134,1
DA:136,1
DA:137,2
DA:139,1
DA:140,3
DA:144,1
DA:145,3
DA:146,1
DA:147,1
DA:148,3
DA:149,1
DA:154,2
DA:156,2
DA:158,0
DA:159,0
DA:167,1
DA:168,1
DA:170,1
DA:171,2
DA:172,1
DA:173,1
DA:174,1
DA:180,1
DA:181,1
DA:182,1
DA:183,1
DA:184,2
DA:185,1
DA:187,1
DA:188,1
DA:190,1
DA:191,3
DA:193,3
DA:196,1
DA:198,3
DA:200,3
DA:209,1
DA:213,1
DA:214,1
DA:217,1
DA:219,2
DA:221,1
DA:223,6
DA:224,1
DA:225,1
DA:226,1
DA:227,2
DA:228,2
DA:250,1
DA:254,2
DA:255,2
DA:256,3
DA:257,4
DA:258,1
DA:259,1
DA:264,8
DA:265,4
DA:267,10
DA:268,7
DA:269,7
DA:270,6
DA:271,6
DA:273,1
DA:276,3
DA:277,2
DA:278,1
DA:279,5
DA:283,8
DA:284,8
DA:285,8
DA:288,3
DA:289,3
DA:293,4
DA:296,3
DA:297,3
DA:298,5
DA:299,9
DA:300,2
DA:301,9
DA:302,3
DA:304,1
DA:307,1
LF:124
LH:116
end_of_record
